<?xml version="1.0" encoding="UTF-8"?>
<!-- Generated by org.testng.reporters.JUnitReportReporter -->
<testsuite hostname="salman-PC" name="Testcase.Testtogcr" tests="2" failures="0" timestamp="22 Dec 2019 07:50:18 GMT" time="3.693" errors="0">
  <testcase name="launchapp" time="2.427" classname="Testcase.Testtogcr"/>
  <testcase name="closeapp" time="1.266" classname="Testcase.Testtogcr"/>
</testsuite> <!-- Testcase.Testtogcr -->
